<?xml version="1.0" encoding="UTF-8"?>
<testsuite xmlns:xsi="http://www.w3.org/2001/XMLSchema-instance" xsi:noNamespaceSchemaLocation="https://maven.apache.org/surefire/maven-surefire-plugin/xsd/surefire-test-report-3.0.xsd" version="3.0" name="ro.orange.smartoff.SmartoffApplicationTests" time="2.275" tests="1" errors="0" skipped="0" failures="0">
  <properties>
[...]
</properties>
  <testcase name="contextLoads" classname="ro.orange.smartoff.SmartoffApplicationTests" time="0.744">
    <system-out><![CDATA[19:42:33.139 [main] INFO org.springframework.test.context.support.AnnotationConfigContextLoaderUtils -- Could not detect default configuration classes for test class [ro.orange.smartoff.SmartoffApplicationTests]: SmartoffApplicationTests does not declare any static, non-private, non-final, nested classes annotated with @Configuration.
19:42:33.210 [main] INFO org.springframework.boot.test.context.SpringBootTestContextBootstrapper -- Found @SpringBootConfiguration ro.orange.smartoff.SmartoffApplication for test class ro.orange.smartoff.SmartoffApplicationTests

  .   ____          _            __ _ _
 /\\ / ___'_ __ _ _(_)_ __  __ _ \ \ \ \
( ( )\___ | '_ | '_| | '_ \/ _` | \ \ \ \
 \\/  ___)| |_)| | | | | || (_| |  ) ) ) )
  '  |____| .__|_| |_|_| |_\__, | / / / /
 =========|_|==============|___/=/_/_/_/

 :: Spring Boot ::                (v3.3.5)

2024-12-05T19:42:33.544+02:00  INFO 18708 --- [smartoff] [           main] r.o.smartoff.SmartoffApplicationTests    : Starting SmartoffApplicationTests using Java 17.0.12 with PID 18708 (started by Roberta in D:\smartoff\smartoff)
2024-12-05T19:42:33.549+02:00  INFO 18708 --- [smartoff] [           main] r.o.smartoff.SmartoffApplicationTests    : No active profile set, falling back to 1 default profile: "default"
2024-12-05T19:42:34.512+02:00  INFO 18708 --- [smartoff] [           main] r.o.smartoff.SmartoffApplicationTests    : Started SmartoffApplicationTests in 1.183 seconds (process running for 1.91)
Thu Dec 05 19:42:35 EET 2024 -- TokenResponse(refresh_token=eyJhbGciOiJIUzI1NiIsInR5cCIgOiAiSldUIiwia2lkIiA6ICJiMDg3MzM2MS0wMzgyLTQ2NzAtODg2OC05YzRjZjdlZjQ4MDIifQ.eyJleHAiOjE3MzM0MjQxNTUsImlhdCI6MTczMzQyMDU1NSwianRpIjoiYjMwZTMzNzUtZTUyZi00M2ZkLTkzZDktNjFmOWIxNDFmNTkwIiwiaXNzIjoiaHR0cHM6Ly9zbWFydG9mZmljZXNzby5vcmFuZ2Uucm8vYXV0aC9yZWFsbXMvT1JPIiwiYXVkIjoiaHR0cHM6Ly9zbWFydG9mZmljZXNzby5vcmFuZ2Uucm8vYXV0aC9yZWFsbXMvT1JPIiwic3ViIjoiZDk4NjgwYmItYjVjYy00Y2JkLTljZjItZGY0NTA1NDJmZmVhIiwidHlwIjoiUmVmcmVzaCIsImF6cCI6IlNlbnNlX0l0Iiwic2Vzc2lvbl9zdGF0ZSI6IjNlNTU5Zjc2LTRhZGUtNDNhNC05ZGI5LThjYzkyMGRkODc3NSIsInNjb3BlIjoib3BlbmlkIHByb2ZpbGUgZW1haWwifQ.QeTPIFlAQPOWHzKGKN02jQUH6CKdRj5rD4NZzn5nJXA, access_token=eyJhbGciOiJSUzI1NiIsInR5cCIgOiAiSldUIiwia2lkIiA6ICJKZkxaRHp3UkQ0OU1VZGw1N0MyVFZ2YW9TVkRnTWx3bk4zcm1ndFAzdm5VIn0.eyJleHAiOjE3MzM0MjA4NTUsImlhdCI6MTczMzQyMDU1NSwiYXV0aF90aW1lIjoxNzMzNDE4MjE0LCJqdGkiOiJhMGFlZTQ2MS05OTY1LTQ0NzYtOWEyNy01NGVlZGU5MWNjMGYiLCJpc3MiOiJodHRwczovL3NtYXJ0b2ZmaWNlc3NvLm9yYW5nZS5yby9hdXRoL3JlYWxtcy9PUk8iLCJhdWQiOiJhY2NvdW50Iiwic3ViIjoiZDk4NjgwYmItYjVjYy00Y2JkLTljZjItZGY0NTA1NDJmZmVhIiwidHlwIjoiQmVhcmVyIiwiYXpwIjoiU2Vuc2VfSXQiLCJzZXNzaW9uX3N0YXRlIjoiM2U1NTlmNzYtNGFkZS00M2E0LTlkYjktOGNjOTIwZGQ4Nzc1IiwiYWNyIjoiMSIsImFsbG93ZWQtb3JpZ2lucyI6WyJodHRwczovL3NtYXJ0b2ZmaWNlLm9yYW5nZS5ybyJdLCJyZWFsbV9hY2Nlc3MiOnsicm9sZXMiOlsiU2Vuc2VJVF9FbXBsb3llZSJdfSwicmVzb3VyY2VfYWNjZXNzIjp7ImFjY291bnQiOnsicm9sZXMiOlsibWFuYWdlLWFjY291bnQiLCJtYW5hZ2UtYWNjb3VudC1saW5rcyIsInZpZXctcHJvZmlsZSJdfX0sInNjb3BlIjoib3BlbmlkIHByb2ZpbGUgZW1haWwiLCJlbWFpbF92ZXJpZmllZCI6ZmFsc2UsIm5hbWUiOiJSb2JlcnRhIEF1cmVsaWEgU3B1cm5pIiwicHJlZmVycmVkX3VzZXJuYW1lIjoicm9iZXJ0YS5zcHVybmkiLCJnaXZlbl9uYW1lIjoiUm9iZXJ0YSBBdXJlbGlhIiwiZmFtaWx5X25hbWUiOiJTcHVybmkiLCJlbWFpbCI6InJvYmVydGEuc3B1cm5pQG9yYW5nZS5jb20ifQ.E_5fzHKv9TmqXTktamGuBo-MY2F1u00NODZrwkS2dqBRwaCiGfH88kl-_NjKmZFy8cZM5YCuoQX9CTA3CT8oiMX6O7WbiPyEG1Ecaj9ghVxfcErY228RfhihBjXxGwcabBwIJEjgTba9c8CtPDsf0a-oN9Tq1NZ5E63MyHoQWixXjLzt2PdCynxfJLvThGMGJseqSodC7awQkh7kIkk7spCZHth8sVlEgk3csRb3lIMVg_Z2vVg-pTZXgV8xP_AQgxjw00sAKACOgLyrAN7YMgT45pO5Z5RQ_nopI-YmNEqXxteYkMij0XV3WoWn_EiJ2WY5GMYIuhPBcHCoIpOvmg)
]]></system-out>
  </testcase>
</testsuite>